<?xml version="1.0" encoding="UTF-8"?>
<!-- Generated by org.testng.reporters.JUnitReportReporter -->
<testsuite hostname="DESKTOP-HVLADVB" failures="0" tests="1" name="Academy.validateNavigationBar" time="0.079" errors="0" timestamp="2021-11-12T09:07:41 IST" skipped="0">
  <testcase classname="Academy.validateNavigationBar" name="validateAppNavBar" time="0.079"/>
  <system-out/>
</testsuite> <!-- Academy.validateNavigationBar -->
