<?xml version="1.0" encoding="UTF-8"?>
<!-- Generated by org.testng.reporters.JUnitReportReporter -->
<testsuite hostname="DESKTOP-HVLADVB" failures="0" tests="1" name="Academy.validateTitle" time="0.048" errors="0" timestamp="2021-11-12T09:07:41 IST" skipped="0">
  <testcase classname="Academy.validateTitle" name="validateAppTitle" time="0.048"/>
  <system-out/>
</testsuite> <!-- Academy.validateTitle -->
