<?xml version="1.0" encoding="UTF-8"?>
<!-- Generated by org.testng.reporters.JUnitReportReporter -->
<testsuite hostname="DESKTOP-HVLADVB" failures="0" tests="2" name="Academy.HomePage" time="4.405" errors="0" timestamp="2021-11-12T09:07:41 IST" skipped="0">
  <testcase classname="Academy.HomePage" name="basePageNavigation" time="2.473"/>
  <system-out/>
  <testcase classname="Academy.HomePage" name="basePageNavigation" time="1.932"/>
  <system-out/>
</testsuite> <!-- Academy.HomePage -->
